A D/_template////
A D/advhr////
A D/advimage////
A D/advlink////
A D/advlist////
A D/autoresize////
A D/autosave////
A D/bbcode////
A D/cleanup////
A D/compat2x////
A D/contextmenu////
A D/devkit////
A D/directionality////
A D/emotions////
A D/example////
A D/flash////
A D/fullpage////
A D/fullscreen////
A D/iespell////
A D/inlinepopups////
A D/insertdatetime////
A D/layer////
A D/legacyoutput////
A D/media////
A D/nonbreaking////
A D/noneditable////
A D/oacsimage////
A D/oacslink////
A D/pagebreak////
A D/paste////
A D/preview////
A D/print////
A D/safari////
A D/save////
A D/searchreplace////
A D/spellchecker////
A D/style////
A D/tabfocus////
A D/table////
A D/template////
A D/visualchars////
A D/wordcount////
A D/xhtmlxtras////
A D/zoom////
R D/wordcount////
R D/flash////
R D/devkit////
R D/compat2x////
R D/cleanup////
R D/_template////
